\BOOKMARK [0][-]{chapter.1}{Front Matter}{}% 1
\BOOKMARK [1][-]{section*.1}{Executive Summary}{chapter.1}% 2
\BOOKMARK [1][-]{section*.3}{Glossary}{chapter.1}% 3
\BOOKMARK [0][-]{section*.4}{Contents}{}% 4
\BOOKMARK [0][-]{section*.5}{List of Figures}{}% 5
\BOOKMARK [0][-]{chapter.2}{Context}{}% 6
\BOOKMARK [1][-]{section.2.1}{Need Statement}{chapter.2}% 7
\BOOKMARK [1][-]{section.2.2}{Problem Statement}{chapter.2}% 8
\BOOKMARK [1][-]{section.2.3}{Corporate Partner: Embraer}{chapter.2}% 9
\BOOKMARK [1][-]{section.2.4}{The Design Team}{chapter.2}% 10
\BOOKMARK [1][-]{section.2.5}{Coaches}{chapter.2}% 11
\BOOKMARK [0][-]{chapter.3}{Design Requirements}{}% 12
\BOOKMARK [1][-]{section.3.1}{Functional Requirements}{chapter.3}% 13
\BOOKMARK [1][-]{section.3.2}{Physical Requirements}{chapter.3}% 14
\BOOKMARK [0][-]{chapter.4}{Design Development}{}% 15
\BOOKMARK [1][-]{section.4.1}{Fall Quarter Review}{chapter.4}% 16
\BOOKMARK [1][-]{section.4.2}{Winter Quarter Introduction}{chapter.4}% 17
\BOOKMARK [1][-]{section.4.3}{Dark Horse}{chapter.4}% 18
\BOOKMARK [1][-]{section.4.4}{Funky Prototype}{chapter.4}% 19
\BOOKMARK [1][-]{section.4.5}{Need finding through user interviews}{chapter.4}% 20
\BOOKMARK [1][-]{section.4.6}{Functional Prototype}{chapter.4}% 21
\BOOKMARK [0][-]{chapter.5}{Design Specifications}{}% 22
\BOOKMARK [1][-]{section.5.1}{Wheelchair Storage}{chapter.5}% 23
\BOOKMARK [1][-]{section.5.2}{Transfer Mechanism}{chapter.5}% 24
\BOOKMARK [0][-]{chapter.6}{Vision}{}% 25
\BOOKMARK [1][-]{section.6.1}{Accommodation System:}{chapter.6}% 26
\BOOKMARK [1][-]{section.6.2}{Seat configuration:}{chapter.6}% 27
\BOOKMARK [1][-]{section.6.3}{Micro-airports:}{chapter.6}% 28
\BOOKMARK [1][-]{section.6.4}{The Personalized Information Era:}{chapter.6}% 29
\BOOKMARK [1][-]{section.6.5}{The Experience}{chapter.6}% 30
\BOOKMARK [0][-]{section*.11}{Bibliography}{}% 31
