\BOOKMARK [0][-]{chapter.1}{Front Matter}{}% 1
\BOOKMARK [1][-]{section*.1}{Executive Summary}{chapter.1}% 2
\BOOKMARK [1][-]{section*.4}{Glossary}{chapter.1}% 3
\BOOKMARK [0][-]{chapter.2}{Context}{}% 4
\BOOKMARK [1][-]{section.2.1}{Need Statement}{chapter.2}% 5
\BOOKMARK [1][-]{section.2.2}{Problem Statement}{chapter.2}% 6
\BOOKMARK [1][-]{section.2.3}{Corporate partner: Autodesk}{chapter.2}% 7
\BOOKMARK [1][-]{section.2.4}{The Design Team}{chapter.2}% 8
\BOOKMARK [0][-]{chapter.3}{Design Development}{}% 9
\BOOKMARK [1][-]{section.3.1}{Brainstorming}{chapter.3}% 10
\BOOKMARK [1][-]{section.3.2}{User benchmarking and need-finding}{chapter.3}% 11
\BOOKMARK [1][-]{section.3.3}{Business Benchmarking}{chapter.3}% 12
\BOOKMARK [1][-]{section.3.4}{Technology benchmarking}{chapter.3}% 13
\BOOKMARK [1][-]{section.3.5}{Critical Function and Critical Experience Prototypes \(CFP/CEP\)}{chapter.3}% 14
\BOOKMARK [0][-]{chapter.4}{Design Vision}{}% 15
\BOOKMARK [1][-]{section.4.1}{Vision}{chapter.4}% 16
\BOOKMARK [1][-]{section.4.2}{Specifications}{chapter.4}% 17
\BOOKMARK [0][-]{chapter.5}{Planning}{}% 18
\BOOKMARK [1][-]{section.5.1}{Deliverables}{chapter.5}% 19
\BOOKMARK [1][-]{section.5.2}{Milestones}{chapter.5}% 20
\BOOKMARK [1][-]{section.5.3}{Distributed Team Management}{chapter.5}% 21
\BOOKMARK [1][-]{section.5.4}{Project Budget}{chapter.5}% 22
\BOOKMARK [1][-]{section.5.5}{Project Time Line}{chapter.5}% 23
\BOOKMARK [1][-]{section.5.6}{Reflections and Goals}{chapter.5}% 24
\BOOKMARK [0][-]{chapter.6}{Resources}{}% 25
\BOOKMARK [0][-]{section*.21}{Bibliography}{}% 26
\BOOKMARK [0][-]{chapter.A}{Appendices}{}% 27
\BOOKMARK [1][-]{section.A.1}{Moderator Prototype Data}{chapter.A}% 28
